<?xml version="1.0" encoding="UTF-8"?>
<!-- Generated by org.testng.reporters.JUnitReportReporter -->
<testsuite skipped="0" hostname="zhaoguo-desktop" name="com.zhaoguom.employeeTest.EmployeeServiceTest" tests="1" failures="0" timestamp="25 Mar 2020 14:47:03 GMT" time="1.222" errors="0">
  <testcase name="testCreateEmployee" time="1.222" classname="com.zhaoguom.employeeTest.EmployeeServiceTest"/>
</testsuite> <!-- com.zhaoguom.employeeTest.EmployeeServiceTest -->
